<?xml version="1.0" encoding="UTF-8"?>
<!-- Generated by org.testng.reporters.JUnitReportReporter -->
<testsuite hostname="Dell-PC" name="com.facebook.testcase.TC02_ValidationOfStaticCharacterWise" tests="7" failures="0" timestamp="25 Mar 2019 17:48:23 GMT" time="143.094" errors="0">
  <testcase name="Verify_birthday_text" time="24.159" classname="com.facebook.testcase.TC02_ValidationOfStaticCharacterWise"/>
  <testcase name="main" time="29.362" classname="com.facebook.testcase.TC02_ValidationOfStaticCharacterWise"/>
  <testcase name="Pass__input_text_disclaimer" time="11.765" classname="com.facebook.testcase.TC02_ValidationOfStaticCharacterWise"/>
  <testcase name="Verify_bbottom_text" time="25.081" classname="com.facebook.testcase.TC02_ValidationOfStaticCharacterWise"/>
  <testcase name="Verify_disclaimer_text" time="24.180" classname="com.facebook.testcase.TC02_ValidationOfStaticCharacterWise"/>
  <testcase name="Pass__input_text_birthday" time="14.244" classname="com.facebook.testcase.TC02_ValidationOfStaticCharacterWise"/>
  <testcase name="Pass__input_text_bottom" time="14.303" classname="com.facebook.testcase.TC02_ValidationOfStaticCharacterWise"/>
</testsuite> <!-- com.facebook.testcase.TC02_ValidationOfStaticCharacterWise -->
