<?xml version="1.0" encoding="UTF-8"?>
<!-- Generated by org.testng.reporters.JUnitReportReporter -->
<testsuite hostname="Dell-PC" name="TestNgConcept.InvocationCountTest" tests="10" failures="0" timestamp="25 Mar 2019 18:49:42 GMT" time="0.109" errors="0">
  <testcase name="sum" time="0.002" classname="TestNgConcept.InvocationCountTest"/>
  <testcase name="sum" time="0.006" classname="TestNgConcept.InvocationCountTest"/>
  <testcase name="sum" time="0.003" classname="TestNgConcept.InvocationCountTest"/>
  <testcase name="sum" time="0.031" classname="TestNgConcept.InvocationCountTest"/>
  <testcase name="sum" time="0.005" classname="TestNgConcept.InvocationCountTest"/>
  <testcase name="sum" time="0.003" classname="TestNgConcept.InvocationCountTest"/>
  <testcase name="sum" time="0.007" classname="TestNgConcept.InvocationCountTest"/>
  <testcase name="sum" time="0.027" classname="TestNgConcept.InvocationCountTest"/>
  <testcase name="sum" time="0.016" classname="TestNgConcept.InvocationCountTest"/>
  <testcase name="sum" time="0.009" classname="TestNgConcept.InvocationCountTest"/>
</testsuite> <!-- TestNgConcept.InvocationCountTest -->
