<?xml version="1.0" encoding="UTF-8"?>
<!-- Generated by org.testng.reporters.JUnitReportReporter -->
<testsuite hostname="Dell-PC" name="TestNgConcept.ExceptionHndling" tests="1" failures="0" timestamp="26 Mar 2019 17:25:39 GMT" time="0.029" errors="0">
  <testcase name="test1" time="0.029" classname="TestNgConcept.ExceptionHndling"/>
</testsuite> <!-- TestNgConcept.ExceptionHndling -->
