<?xml version="1.0" encoding="UTF-8"?>
<!-- Generated by org.testng.reporters.JUnitReportReporter -->
<testsuite hostname="Dell-PC" name="com.facebook.testcase.TC01_FacebookHomePageVerify" tests="1" failures="0" timestamp="26 Mar 2019 18:28:32 GMT" time="24.921" errors="0">
  <testcase name="main" time="24.921" classname="com.facebook.testcase.TC01_FacebookHomePageVerify"/>
</testsuite> <!-- com.facebook.testcase.TC01_FacebookHomePageVerify -->
