<?xml version="1.0" encoding="UTF-8"?>
<!-- Generated by org.testng.reporters.JUnitReportReporter -->
<testsuite hostname="Dell-PC" name="TestNgConcept.TestNgBasic" tests="4" failures="0" timestamp="25 Mar 2019 18:17:33 GMT" time="0.037" errors="0">
  <testcase name="test2" time="0.018" classname="TestNgConcept.TestNgBasic"/>
  <testcase name="test" time="0.008" classname="TestNgConcept.TestNgBasic"/>
  <testcase name="test4" time="0.006" classname="TestNgConcept.TestNgBasic"/>
  <testcase name="test3" time="0.005" classname="TestNgConcept.TestNgBasic"/>
</testsuite> <!-- TestNgConcept.TestNgBasic -->
