<?xml version="1.0" encoding="UTF-8"?>
<!-- Generated by org.testng.reporters.JUnitReportReporter -->
<testsuite hostname="Dell-PC" name="TestNgConcept.ExceptionHndling" tests="1" failures="0" timestamp="25 Mar 2019 19:15:22 GMT" time="0.025" errors="0">
  <testcase name="test1" time="0.025" classname="TestNgConcept.ExceptionHndling"/>
</testsuite> <!-- TestNgConcept.ExceptionHndling -->
